This is pdfTeX, Version 3.14159265-2.6-1.40.18 (TeX Live 2017) (preloaded format=pdflatex 2017.11.20)  20 AUG 2018 23:13
entering extended mode
 restricted \write18 enabled.
 file:line:error style messages enabled.
 %&-line parsing enabled.
**/Users/santhisenan/code/labs/compiler-design-lab/report/cycle_1_report.tex
(/Users/santhisenan/code/labs/compiler-design-lab/report/cycle_1_report.tex
LaTeX2e <2017-04-15>
Babel <3.10> and hyphenation patterns for 84 language(s) loaded.
(/usr/local/texlive/2017/texmf-dist/tex/latex/base/report.cls
Document Class: report 2014/09/29 v1.4h Standard LaTeX document class
(/usr/local/texlive/2017/texmf-dist/tex/latex/base/size12.clo
File: size12.clo 2014/09/29 v1.4h Standard LaTeX file (size option)
)
\c@part=\count79
\c@chapter=\count80
\c@section=\count81
\c@subsection=\count82
\c@subsubsection=\count83
\c@paragraph=\count84
\c@subparagraph=\count85
\c@figure=\count86
\c@table=\count87
\abovecaptionskip=\skip41
\belowcaptionskip=\skip42
\bibindent=\dimen102
)
(./cycle_1_report.aux)
\openout1 = `cycle_1_report.aux'.

LaTeX Font Info:    Checking defaults for OML/cmm/m/it on input line 3.
LaTeX Font Info:    ... okay on input line 3.
LaTeX Font Info:    Checking defaults for T1/cmr/m/n on input line 3.
LaTeX Font Info:    ... okay on input line 3.
LaTeX Font Info:    Checking defaults for OT1/cmr/m/n on input line 3.
LaTeX Font Info:    ... okay on input line 3.
LaTeX Font Info:    Checking defaults for OMS/cmsy/m/n on input line 3.
LaTeX Font Info:    ... okay on input line 3.
LaTeX Font Info:    Checking defaults for OMX/cmex/m/n on input line 3.
LaTeX Font Info:    ... okay on input line 3.
LaTeX Font Info:    Checking defaults for U/cmr/m/n on input line 3.
LaTeX Font Info:    ... okay on input line 3.
LaTeX Font Info:    External font `cmex10' loaded for size
(Font)              <14.4> on input line 11.
LaTeX Font Info:    External font `cmex10' loaded for size
(Font)              <7> on input line 11.
 [1

{/usr/local/texlive/2017/texmf-var/fonts/map/pdftex/updmap/pdftex.map}]
Chapter 1.
LaTeX Font Info:    External font `cmex10' loaded for size
(Font)              <17.28> on input line 16.
LaTeX Font Info:    External font `cmex10' loaded for size
(Font)              <12> on input line 16.
LaTeX Font Info:    External font `cmex10' loaded for size
(Font)              <8> on input line 18.
LaTeX Font Info:    External font `cmex10' loaded for size
(Font)              <6> on input line 18.
Missing character: There is no â in font cmr12!
Missing character: There is no € in font cmr12!
Missing character: There is no “ in font cmr12!
LaTeX Font Info:    Try loading font information for OMS+cmr on input line 23.
(/usr/local/texlive/2017/texmf-dist/tex/latex/base/omscmr.fd
File: omscmr.fd 2014/09/29 v2.5h Standard LaTeX font definitions
)
LaTeX Font Info:    Font shape `OMS/cmr/m/n' in size <12> not available
(Font)              Font shape `OMS/cmsy/m/n' tried instead on input line 23.

Overfull \hbox (29.9002pt too wide) in paragraph at lines 52--52
[]\OT1/cmtt/m/n/12 void find_e_closure(nfa n, int state, unordered_set<int> &cl
osure) {[] 
 []

[1

]
Overfull \hbox (17.5502pt too wide) in paragraph at lines 52--52
[]        \OT1/cmtt/m/n/12 for (itr = toStates.begin(); itr != toStates.end(); 
itr++)[] 
 []


Overfull \hbox (79.30023pt too wide) in paragraph at lines 52--52
[]            \OT1/cmtt/m/n/12 if (find(closure.begin(), closure.end(), *itr) =
= closure.end())[] 
 []

[2]
Missing character: There is no Î in font cmr12!
Missing character: There is no µ in font cmr12!
Missing character: There is no Î in font cmr12!
Missing character: There is no µ in font cmr12!
Missing character: There is no â in font cmr12!
Missing character: There is no € in font cmr12!
Missing character: There is no “ in font cmr12!
Missing character: There is no Î in font cmr12!
Missing character: There is no £ in font cmr12!
Missing character: There is no â in font cmr12!
Missing character: There is no ˆ in font cmr12!
Missing character: There is no — in font cmr12!
Missing character: There is no â in font cmr12!
Missing character: There is no ˆ in font cmr12!
Missing character: There is no — in font cmr12!
Missing character: There is no Î in font cmr12!
Missing character: There is no µ in font cmr12!
Missing character: There is no â in font cmr12!
Missing character: There is no € in font cmr12!
Missing character: There is no ¢ in font cmr12!
Missing character: There is no Î in font cmr12!
Missing character: There is no µ in font cmr12!
Missing character: There is no Î in font cmr12!
Missing character: There is no µ in font cmr12!
 [3]
Overfull \hbox (54.60022pt too wide) in paragraph at lines 132--132
[]        \OT1/cmtt/m/n/12 // Find the e Closure of the current state and store
 in eClosure[] 
 []


Overfull \hbox (42.25021pt too wide) in paragraph at lines 132--132
[]            \OT1/cmtt/m/n/12 for (itr = eClosure.begin(); itr != eClosure.end
(); itr++)[] 
 []


Overfull \hbox (23.7252pt too wide) in paragraph at lines 132--132
[]                    \OT1/cmtt/m/n/12 for (it = temp.begin(); it != temp.end()
; it++)[] 
 []


Overfull \hbox (5.2002pt too wide) in paragraph at lines 132--132
[]                            \OT1/cmtt/m/n/12 find_e_closure(n, *it, tempClosu
re);[] 
 []

[4] [5] (./cycle_1_report.aux) ) 
Here is how much of TeX's memory you used:
 282 strings out of 492995
 3447 string characters out of 6132703
 61074 words of memory out of 5000000
 3905 multiletter control sequences out of 15000+600000
 10545 words of font info for 37 fonts, out of 8000000 for 9000
 1141 hyphenation exceptions out of 8191
 22i,7n,19p,297b,253s stack positions out of 5000i,500n,10000p,200000b,80000s
</usr/local/texlive/2017/texmf-dist/fonts/type1
/public/amsfonts/cm/cmbx12.pfb></usr/local/texlive/2017/texmf-dist/fonts/type1/
public/amsfonts/cm/cmmi12.pfb></usr/local/texlive/2017/texmf-dist/fonts/type1/p
ublic/amsfonts/cm/cmr12.pfb></usr/local/texlive/2017/texmf-dist/fonts/type1/pub
lic/amsfonts/cm/cmr17.pfb></usr/local/texlive/2017/texmf-dist/fonts/type1/publi
c/amsfonts/cm/cmsy10.pfb></usr/local/texlive/2017/texmf-dist/fonts/type1/public
/amsfonts/cm/cmti12.pfb></usr/local/texlive/2017/texmf-dist/fonts/type1/public/
amsfonts/cm/cmtt12.pfb>
Output written on cycle_1_report.pdf (6 pages, 78403 bytes).
PDF statistics:
 51 PDF objects out of 1000 (max. 8388607)
 35 compressed objects within 1 object stream
 0 named destinations out of 1000 (max. 500000)
 1 words of extra memory for PDF output out of 10000 (max. 10000000)

